{
"/Users/stephan/Documents/github/npm_stuff/event-aggregator/lib/event-aggregator.js":{"path":"/Users/stephan/Documents/github/npm_stuff/event-aggregator/lib/event-aggregator.js","s":{"1":1,"2":1,"3":1,"4":1,"5":1,"6":1,"7":1,"8":6,"9":1,"10":5,"11":3,"12":2,"13":1,"14":3,"15":3,"16":1,"17":2,"18":2,"19":2,"20":1,"21":1,"22":7,"23":1,"24":6,"25":1,"26":3,"27":1,"28":2,"29":1,"30":1,"31":4,"32":4,"33":4,"34":4,"35":4,"36":8,"37":8,"38":4,"39":1,"40":6,"41":3,"42":3,"43":1,"44":1,"45":0,"46":1,"47":0,"48":1,"49":0,"50":1,"51":0,"52":1,"53":0,"54":1,"55":0,"56":1,"57":1},"b":{"1":[1,5],"2":[3,2],"3":[1,2],"4":[2,0],"5":[1,1],"6":[1,6],"7":[1,2],"8":[1,1],"9":[2,2],"10":[4,0],"11":[3,3]},"f":{"1":1,"2":0,"3":6,"4":3,"5":7,"6":3,"7":4,"8":6,"9":1,"10":0,"11":0,"12":0,"13":0,"14":0,"15":0},"fnMap":{"1":{"name":"(anonymous_1)","line":3,"loc":{"start":{"line":3,"column":19},"end":{"line":3,"column":30}}},"2":{"name":"EventAggregator","line":6,"loc":{"start":{"line":6,"column":2},"end":{"line":6,"column":29}}},"3":{"name":"(anonymous_3)","line":12,"loc":{"start":{"line":12,"column":30},"end":{"line":12,"column":55}}},"4":{"name":"(anonymous_4)","line":23,"loc":{"start":{"line":23,"column":32},"end":{"line":23,"column":57}}},"5":{"name":"(anonymous_5)","line":36,"loc":{"start":{"line":36,"column":28},"end":{"line":36,"column":53}}},"6":{"name":"(anonymous_6)","line":43,"loc":{"start":{"line":43,"column":30},"end":{"line":43,"column":55}}},"7":{"name":"(anonymous_7)","line":52,"loc":{"start":{"line":52,"column":28},"end":{"line":52,"column":49}}},"8":{"name":"(anonymous_8)","line":65,"loc":{"start":{"line":65,"column":28},"end":{"line":65,"column":49}}},"9":{"name":"(anonymous_9)","line":72,"loc":{"start":{"line":72,"column":28},"end":{"line":72,"column":39}}},"10":{"name":"(anonymous_10)","line":73,"loc":{"start":{"line":73,"column":33},"end":{"line":73,"column":48}}},"11":{"name":"(anonymous_11)","line":76,"loc":{"start":{"line":76,"column":35},"end":{"line":76,"column":50}}},"12":{"name":"(anonymous_12)","line":79,"loc":{"start":{"line":79,"column":31},"end":{"line":79,"column":46}}},"13":{"name":"(anonymous_13)","line":82,"loc":{"start":{"line":82,"column":33},"end":{"line":82,"column":48}}},"14":{"name":"(anonymous_14)","line":85,"loc":{"start":{"line":85,"column":31},"end":{"line":85,"column":46}}},"15":{"name":"(anonymous_15)","line":88,"loc":{"start":{"line":88,"column":38},"end":{"line":88,"column":53}}}},"statementMap":{"1":{"start":{"line":1,"column":0},"end":{"line":1,"column":20}},"2":{"start":{"line":3,"column":0},"end":{"line":95,"column":5}},"3":{"start":{"line":4,"column":2},"end":{"line":4,"column":30}},"4":{"start":{"line":6,"column":2},"end":{"line":6,"column":31}},"5":{"start":{"line":8,"column":2},"end":{"line":8,"column":19}},"6":{"start":{"line":10,"column":2},"end":{"line":10,"column":18}},"7":{"start":{"line":12,"column":2},"end":{"line":21,"column":4}},"8":{"start":{"line":13,"column":4},"end":{"line":15,"column":5}},"9":{"start":{"line":14,"column":6},"end":{"line":14,"column":49}},"10":{"start":{"line":16,"column":4},"end":{"line":20,"column":5}},"11":{"start":{"line":17,"column":6},"end":{"line":17,"column":46}},"12":{"start":{"line":19,"column":6},"end":{"line":19,"column":44}},"13":{"start":{"line":23,"column":2},"end":{"line":34,"column":4}},"14":{"start":{"line":24,"column":4},"end":{"line":24,"column":14}},"15":{"start":{"line":25,"column":4},"end":{"line":27,"column":5}},"16":{"start":{"line":26,"column":6},"end":{"line":26,"column":49}},"17":{"start":{"line":28,"column":4},"end":{"line":33,"column":5}},"18":{"start":{"line":29,"column":6},"end":{"line":29,"column":50}},"19":{"start":{"line":30,"column":6},"end":{"line":32,"column":7}},"20":{"start":{"line":31,"column":8},"end":{"line":31,"column":50}},"21":{"start":{"line":36,"column":2},"end":{"line":41,"column":4}},"22":{"start":{"line":37,"column":4},"end":{"line":39,"column":5}},"23":{"start":{"line":38,"column":6},"end":{"line":38,"column":49}},"24":{"start":{"line":40,"column":4},"end":{"line":40,"column":39}},"25":{"start":{"line":43,"column":2},"end":{"line":50,"column":4}},"26":{"start":{"line":44,"column":4},"end":{"line":46,"column":5}},"27":{"start":{"line":45,"column":6},"end":{"line":45,"column":49}},"28":{"start":{"line":47,"column":4},"end":{"line":49,"column":5}},"29":{"start":{"line":48,"column":6},"end":{"line":48,"column":39}},"30":{"start":{"line":52,"column":2},"end":{"line":63,"column":4}},"31":{"start":{"line":53,"column":4},"end":{"line":53,"column":41}},"32":{"start":{"line":54,"column":4},"end":{"line":62,"column":5}},"33":{"start":{"line":55,"column":6},"end":{"line":55,"column":30}},"34":{"start":{"line":56,"column":6},"end":{"line":56,"column":19}},"35":{"start":{"line":57,"column":6},"end":{"line":60,"column":7}},"36":{"start":{"line":58,"column":8},"end":{"line":58,"column":28}},"37":{"start":{"line":59,"column":8},"end":{"line":59,"column":54}},"38":{"start":{"line":61,"column":6},"end":{"line":61,"column":21}},"39":{"start":{"line":65,"column":2},"end":{"line":70,"column":4}},"40":{"start":{"line":66,"column":4},"end":{"line":68,"column":5}},"41":{"start":{"line":67,"column":6},"end":{"line":67,"column":36}},"42":{"start":{"line":69,"column":4},"end":{"line":69,"column":16}},"43":{"start":{"line":72,"column":2},"end":{"line":91,"column":4}},"44":{"start":{"line":73,"column":4},"end":{"line":75,"column":6}},"45":{"start":{"line":74,"column":6},"end":{"line":74,"column":51}},"46":{"start":{"line":76,"column":4},"end":{"line":78,"column":6}},"47":{"start":{"line":77,"column":6},"end":{"line":77,"column":53}},"48":{"start":{"line":79,"column":4},"end":{"line":81,"column":6}},"49":{"start":{"line":80,"column":6},"end":{"line":80,"column":49}},"50":{"start":{"line":82,"column":4},"end":{"line":84,"column":6}},"51":{"start":{"line":83,"column":6},"end":{"line":83,"column":51}},"52":{"start":{"line":85,"column":4},"end":{"line":87,"column":6}},"53":{"start":{"line":86,"column":6},"end":{"line":86,"column":49}},"54":{"start":{"line":88,"column":4},"end":{"line":90,"column":6}},"55":{"start":{"line":89,"column":6},"end":{"line":89,"column":49}},"56":{"start":{"line":93,"column":2},"end":{"line":93,"column":25}},"57":{"start":{"line":97,"column":0},"end":{"line":97,"column":33}}},"branchMap":{"1":{"line":13,"type":"if","locations":[{"start":{"line":13,"column":4},"end":{"line":13,"column":4}},{"start":{"line":13,"column":4},"end":{"line":13,"column":4}}]},"2":{"line":16,"type":"if","locations":[{"start":{"line":16,"column":4},"end":{"line":16,"column":4}},{"start":{"line":16,"column":4},"end":{"line":16,"column":4}}]},"3":{"line":25,"type":"if","locations":[{"start":{"line":25,"column":4},"end":{"line":25,"column":4}},{"start":{"line":25,"column":4},"end":{"line":25,"column":4}}]},"4":{"line":28,"type":"if","locations":[{"start":{"line":28,"column":4},"end":{"line":28,"column":4}},{"start":{"line":28,"column":4},"end":{"line":28,"column":4}}]},"5":{"line":30,"type":"if","locations":[{"start":{"line":30,"column":6},"end":{"line":30,"column":6}},{"start":{"line":30,"column":6},"end":{"line":30,"column":6}}]},"6":{"line":37,"type":"if","locations":[{"start":{"line":37,"column":4},"end":{"line":37,"column":4}},{"start":{"line":37,"column":4},"end":{"line":37,"column":4}}]},"7":{"line":44,"type":"if","locations":[{"start":{"line":44,"column":4},"end":{"line":44,"column":4}},{"start":{"line":44,"column":4},"end":{"line":44,"column":4}}]},"8":{"line":47,"type":"if","locations":[{"start":{"line":47,"column":4},"end":{"line":47,"column":4}},{"start":{"line":47,"column":4},"end":{"line":47,"column":4}}]},"9":{"line":47,"type":"binary-expr","locations":[{"start":{"line":47,"column":8},"end":{"line":47,"column":24}},{"start":{"line":47,"column":28},"end":{"line":47,"column":57}}]},"10":{"line":54,"type":"if","locations":[{"start":{"line":54,"column":4},"end":{"line":54,"column":4}},{"start":{"line":54,"column":4},"end":{"line":54,"column":4}}]},"11":{"line":66,"type":"if","locations":[{"start":{"line":66,"column":4},"end":{"line":66,"column":4}},{"start":{"line":66,"column":4},"end":{"line":66,"column":4}}]}},"l":{"1":1,"3":1,"4":1,"6":1,"8":1,"10":1,"12":1,"13":6,"14":1,"16":5,"17":3,"19":2,"23":1,"24":3,"25":3,"26":1,"28":2,"29":2,"30":2,"31":1,"36":1,"37":7,"38":1,"40":6,"43":1,"44":3,"45":1,"47":2,"48":1,"52":1,"53":4,"54":4,"55":4,"56":4,"57":4,"58":8,"59":8,"61":4,"65":1,"66":6,"67":3,"69":3,"72":1,"73":1,"74":0,"76":1,"77":0,"79":1,"80":0,"82":1,"83":0,"85":1,"86":0,"88":1,"89":0,"93":1,"97":1}}}
