TN:
SF:/Users/stephan/Documents/github/npm_stuff/event-aggregator/lib/event-aggregator.js
FN:3,(anonymous_1)
FN:6,EventAggregator
FN:12,(anonymous_3)
FN:23,(anonymous_4)
FN:36,(anonymous_5)
FN:43,(anonymous_6)
FN:52,(anonymous_7)
FN:65,(anonymous_8)
FN:72,(anonymous_9)
FN:73,(anonymous_10)
FN:76,(anonymous_11)
FN:79,(anonymous_12)
FN:82,(anonymous_13)
FN:85,(anonymous_14)
FN:88,(anonymous_15)
FNF:15
FNH:8
FNDA:1,(anonymous_1)
FNDA:0,EventAggregator
FNDA:6,(anonymous_3)
FNDA:3,(anonymous_4)
FNDA:7,(anonymous_5)
FNDA:3,(anonymous_6)
FNDA:4,(anonymous_7)
FNDA:6,(anonymous_8)
FNDA:1,(anonymous_9)
FNDA:0,(anonymous_10)
FNDA:0,(anonymous_11)
FNDA:0,(anonymous_12)
FNDA:0,(anonymous_13)
FNDA:0,(anonymous_14)
FNDA:0,(anonymous_15)
DA:1,1
DA:3,1
DA:4,1
DA:6,1
DA:8,1
DA:10,1
DA:12,1
DA:13,6
DA:14,1
DA:16,5
DA:17,3
DA:19,2
DA:23,1
DA:24,3
DA:25,3
DA:26,1
DA:28,2
DA:29,2
DA:30,2
DA:31,1
DA:36,1
DA:37,7
DA:38,1
DA:40,6
DA:43,1
DA:44,3
DA:45,1
DA:47,2
DA:48,1
DA:52,1
DA:53,4
DA:54,4
DA:55,4
DA:56,4
DA:57,4
DA:58,8
DA:59,8
DA:61,4
DA:65,1
DA:66,6
DA:67,3
DA:69,3
DA:72,1
DA:73,1
DA:74,0
DA:76,1
DA:77,0
DA:79,1
DA:80,0
DA:82,1
DA:83,0
DA:85,1
DA:86,0
DA:88,1
DA:89,0
DA:93,1
DA:97,1
LF:57
LH:51
BRDA:13,1,0,1
BRDA:13,1,1,5
BRDA:16,2,0,3
BRDA:16,2,1,2
BRDA:25,3,0,1
BRDA:25,3,1,2
BRDA:28,4,0,2
BRDA:28,4,1,0
BRDA:30,5,0,1
BRDA:30,5,1,1
BRDA:37,6,0,1
BRDA:37,6,1,6
BRDA:44,7,0,1
BRDA:44,7,1,2
BRDA:47,8,0,1
BRDA:47,8,1,1
BRDA:47,9,0,2
BRDA:47,9,1,2
BRDA:54,10,0,4
BRDA:54,10,1,0
BRDA:66,11,0,3
BRDA:66,11,1,3
BRF:22
BRH:20
end_of_record
